app/build/intermediates/manifest_merge_blame_file/debug/processDebugMainManifest/manifest-merger-blame-debug-report.txt
1<?xml version="1.0" encoding="utf-8"?>
2<manifest xmlns:android="http://schemas.android.com/apk/res/android"
3    package="com.alexmercerind.audire"
4    android:versionCode="2"
5    android:versionName="1.1" >
6
7    <uses-sdk
8        android:minSdkVersion="21"
9        android:targetSdkVersion="36" />
10
11    <uses-permission android:name="android.permission.INTERNET" />
11-->src\main\AndroidManifest.xml:5:5-67
11-->src\main\AndroidManifest.xml:5:22-64
12    <uses-permission android:name="android.permission.RECORD_AUDIO" />
12-->src\main\AndroidManifest.xml:6:5-71
12-->src\main\AndroidManifest.xml:6:22-68
13    <uses-permission android:name="android.permission.READ_EXTERNAL_STORAGE" />
13-->src\main\AndroidManifest.xml:7:5-80
13-->src\main\AndroidManifest.xml:7:22-77
14    <uses-permission android:name="android.permission.WRITE_EXTERNAL_STORAGE" />
14-->src\main\AndroidManifest.xml:8:5-81
14-->src\main\AndroidManifest.xml:8:22-78
15
16    <queries>
16-->[com.spotify.android:auth:2.1.0] AndroidManifest.xml:31:5-45:15
17        <package android:name="com.spotify.music" />
17-->[com.spotify.android:auth:2.1.0] AndroidManifest.xml:32:9-53
17-->[com.spotify.android:auth:2.1.0] AndroidManifest.xml:32:18-50
18        <package android:name="com.spotify.music.debug" />
18-->[com.spotify.android:auth:2.1.0] AndroidManifest.xml:33:9-59
18-->[com.spotify.android:auth:2.1.0] AndroidManifest.xml:33:18-56
19        <package android:name="com.spotify.music.canary" />
19-->[com.spotify.android:auth:2.1.0] AndroidManifest.xml:34:9-60
19-->[com.spotify.android:auth:2.1.0] AndroidManifest.xml:34:18-57
20        <package android:name="com.spotify.music.partners" />
20-->[com.spotify.android:auth:2.1.0] AndroidManifest.xml:35:9-62
20-->[com.spotify.android:auth:2.1.0] AndroidManifest.xml:35:18-59
21
22        <intent>
22-->[com.spotify.android:auth:2.1.0] AndroidManifest.xml:37:9-41:18
23            <action android:name="com.spotify.sso.action.START_AUTH_FLOW" />
23-->[com.spotify.android:auth:2.1.0] AndroidManifest.xml:38:13-77
23-->[com.spotify.android:auth:2.1.0] AndroidManifest.xml:38:21-74
24
25            <data android:mimeType="text/plain" />
26        </intent>
27        <intent>
27-->[com.spotify.android:auth:2.1.0] AndroidManifest.xml:42:9-44:18
28            <action android:name="android.support.customtabs.action.CustomTabsService" />
28-->[com.spotify.android:auth:2.1.0] AndroidManifest.xml:43:13-90
28-->[com.spotify.android:auth:2.1.0] AndroidManifest.xml:43:21-87
29        </intent>
30    </queries>
31
32    <permission
32-->[androidx.core:core:1.16.0] AndroidManifest.xml:22:5-24:47
33        android:name="com.alexmercerind.audire.DYNAMIC_RECEIVER_NOT_EXPORTED_PERMISSION"
33-->[androidx.core:core:1.16.0] AndroidManifest.xml:23:9-81
34        android:protectionLevel="signature" />
34-->[androidx.core:core:1.16.0] AndroidManifest.xml:24:9-44
35
36    <uses-permission android:name="com.alexmercerind.audire.DYNAMIC_RECEIVER_NOT_EXPORTED_PERMISSION" />
36-->[androidx.core:core:1.16.0] AndroidManifest.xml:26:5-97
36-->[androidx.core:core:1.16.0] AndroidManifest.xml:26:22-94
37    <uses-permission android:name="android.permission.ACCESS_NETWORK_STATE" />
37-->[com.pierfrancescosoffritti.androidyoutubeplayer:core:13.0.0] AndroidManifest.xml:8:5-79
37-->[com.pierfrancescosoffritti.androidyoutubeplayer:core:13.0.0] AndroidManifest.xml:8:22-76
38
39    <application
39-->src\main\AndroidManifest.xml:10:5-76:19
40        android:name="com.alexmercerind.audire.Audire"
40-->src\main\AndroidManifest.xml:11:9-31
41        android:allowBackup="true"
41-->src\main\AndroidManifest.xml:12:9-35
42        android:appComponentFactory="androidx.core.app.CoreComponentFactory"
42-->[androidx.core:core:1.16.0] AndroidManifest.xml:28:18-86
43        android:dataExtractionRules="@xml/data_extraction_rules"
43-->src\main\AndroidManifest.xml:13:9-65
44        android:debuggable="true"
45        android:extractNativeLibs="true"
46        android:fullBackupContent="@xml/backup_rules"
46-->src\main\AndroidManifest.xml:14:9-54
47        android:icon="@mipmap/ic_launcher"
47-->src\main\AndroidManifest.xml:15:9-43
48        android:label="@string/app_name"
48-->src\main\AndroidManifest.xml:16:9-41
49        android:networkSecurityConfig="@xml/network_security_config"
49-->src\main\AndroidManifest.xml:19:9-69
50        android:roundIcon="@mipmap/ic_launcher_round"
50-->src\main\AndroidManifest.xml:17:9-54
51        android:supportsRtl="true"
51-->src\main\AndroidManifest.xml:18:9-35
52        android:testOnly="true"
53        android:theme="@style/Theme.Audire"
53-->src\main\AndroidManifest.xml:21:9-44
54        android:usesCleartextTraffic="true" >
54-->src\main\AndroidManifest.xml:20:9-44
55        <activity
55-->src\main\AndroidManifest.xml:23:9-25:40
56            android:name="com.alexmercerind.audire.ui.SettingsActivity"
56-->src\main\AndroidManifest.xml:24:13-48
57            android:exported="false" />
57-->src\main\AndroidManifest.xml:25:13-37
58        <activity
58-->src\main\AndroidManifest.xml:26:9-28:40
59            android:name="com.alexmercerind.audire.ui.AboutActivity"
59-->src\main\AndroidManifest.xml:27:13-45
60            android:exported="false" />
60-->src\main\AndroidManifest.xml:28:13-37
61        <activity
61-->src\main\AndroidManifest.xml:29:9-31:40
62            android:name="com.alexmercerind.audire.ui.MusicActivity"
62-->src\main\AndroidManifest.xml:30:13-45
63            android:exported="false" />
63-->src\main\AndroidManifest.xml:31:13-37
64        <activity
64-->src\main\AndroidManifest.xml:32:9-51:20
65            android:name="com.alexmercerind.audire.ui.MainActivity"
65-->src\main\AndroidManifest.xml:33:13-44
66            android:exported="true"
66-->src\main\AndroidManifest.xml:34:13-36
67            android:windowSoftInputMode="adjustNothing" >
67-->src\main\AndroidManifest.xml:35:13-56
68            <intent-filter>
68-->src\main\AndroidManifest.xml:36:13-40:29
69                <action android:name="android.intent.action.MAIN" />
69-->src\main\AndroidManifest.xml:37:17-69
69-->src\main\AndroidManifest.xml:37:25-66
70
71                <category android:name="android.intent.category.LAUNCHER" />
71-->src\main\AndroidManifest.xml:39:17-77
71-->src\main\AndroidManifest.xml:39:27-74
72            </intent-filter>
73            <intent-filter>
73-->src\main\AndroidManifest.xml:42:13-49:29
74                <action android:name="android.intent.action.VIEW" />
74-->src\main\AndroidManifest.xml:43:17-69
74-->src\main\AndroidManifest.xml:43:25-66
75
76                <category android:name="android.intent.category.DEFAULT" />
76-->src\main\AndroidManifest.xml:44:17-76
76-->src\main\AndroidManifest.xml:44:27-73
77                <category android:name="android.intent.category.BROWSABLE" />
77-->src\main\AndroidManifest.xml:45:17-78
77-->src\main\AndroidManifest.xml:45:27-75
78
79                <data
80                    android:host="callback"
80-->src\main\AndroidManifest.xml:48:21-55
81                    android:scheme="audire" />
81-->src\main\AndroidManifest.xml:47:21-59
82            </intent-filter>
83        </activity>
84
85        <service
85-->src\main\AndroidManifest.xml:53:9-62:19
86            android:name="com.alexmercerind.audire.services.FindMusicTileService"
86-->src\main\AndroidManifest.xml:54:13-58
87            android:exported="true"
87-->src\main\AndroidManifest.xml:55:13-36
88            android:icon="@drawable/baseline_graphic_eq_24"
88-->src\main\AndroidManifest.xml:56:13-60
89            android:label="@string/find_music_qs_tile"
89-->src\main\AndroidManifest.xml:57:13-55
90            android:permission="android.permission.BIND_QUICK_SETTINGS_TILE" >
90-->src\main\AndroidManifest.xml:58:13-77
91            <intent-filter>
91-->src\main\AndroidManifest.xml:59:13-61:29
92                <action android:name="android.service.quicksettings.action.QS_TILE" />
92-->src\main\AndroidManifest.xml:60:17-87
92-->src\main\AndroidManifest.xml:60:25-84
93            </intent-filter>
94        </service>
95
96        <activity
96-->src\main\AndroidManifest.xml:64:9-74:20
97            android:name="com.alexmercerind.audire.ui.SpotifyLoginActivity"
97-->src\main\AndroidManifest.xml:65:13-52
98            android:exported="true"
98-->src\main\AndroidManifest.xml:67:13-36
99            android:launchMode="singleTop" >
99-->src\main\AndroidManifest.xml:66:13-43
100            <intent-filter>
100-->src\main\AndroidManifest.xml:68:13-73:29
101                <action android:name="android.intent.action.VIEW" />
101-->src\main\AndroidManifest.xml:43:17-69
101-->src\main\AndroidManifest.xml:43:25-66
102
103                <category android:name="android.intent.category.DEFAULT" />
103-->src\main\AndroidManifest.xml:44:17-76
103-->src\main\AndroidManifest.xml:44:27-73
104                <category android:name="android.intent.category.BROWSABLE" />
104-->src\main\AndroidManifest.xml:45:17-78
104-->src\main\AndroidManifest.xml:45:27-75
105
106                <data
107                    android:host="spotify-auth"
107-->src\main\AndroidManifest.xml:48:21-55
108                    android:scheme="audire" />
108-->src\main\AndroidManifest.xml:47:21-59
109            </intent-filter>
110        </activity>
111
112        <provider
112-->[androidx.emoji2:emoji2:1.3.0] AndroidManifest.xml:24:9-32:20
113            android:name="androidx.startup.InitializationProvider"
113-->[androidx.emoji2:emoji2:1.3.0] AndroidManifest.xml:25:13-67
114            android:authorities="com.alexmercerind.audire.androidx-startup"
114-->[androidx.emoji2:emoji2:1.3.0] AndroidManifest.xml:26:13-68
115            android:exported="false" >
115-->[androidx.emoji2:emoji2:1.3.0] AndroidManifest.xml:27:13-37
116            <meta-data
116-->[androidx.emoji2:emoji2:1.3.0] AndroidManifest.xml:29:13-31:52
117                android:name="androidx.emoji2.text.EmojiCompatInitializer"
117-->[androidx.emoji2:emoji2:1.3.0] AndroidManifest.xml:30:17-75
118                android:value="androidx.startup" />
118-->[androidx.emoji2:emoji2:1.3.0] AndroidManifest.xml:31:17-49
119            <meta-data
119-->[androidx.lifecycle:lifecycle-process:2.9.4] AndroidManifest.xml:29:13-31:52
120                android:name="androidx.lifecycle.ProcessLifecycleInitializer"
120-->[androidx.lifecycle:lifecycle-process:2.9.4] AndroidManifest.xml:30:17-78
121                android:value="androidx.startup" />
121-->[androidx.lifecycle:lifecycle-process:2.9.4] AndroidManifest.xml:31:17-49
122            <meta-data
122-->[com.squareup.okhttp3:okhttp-android:5.1.0] AndroidManifest.xml:16:13-18:52
123                android:name="okhttp3.internal.platform.PlatformInitializer"
123-->[com.squareup.okhttp3:okhttp-android:5.1.0] AndroidManifest.xml:17:17-77
124                android:value="androidx.startup" />
124-->[com.squareup.okhttp3:okhttp-android:5.1.0] AndroidManifest.xml:18:17-49
125            <meta-data
125-->[androidx.profileinstaller:profileinstaller:1.4.0] AndroidManifest.xml:29:13-31:52
126                android:name="androidx.profileinstaller.ProfileInstallerInitializer"
126-->[androidx.profileinstaller:profileinstaller:1.4.0] AndroidManifest.xml:30:17-85
127                android:value="androidx.startup" />
127-->[androidx.profileinstaller:profileinstaller:1.4.0] AndroidManifest.xml:31:17-49
128        </provider>
129
130        <activity
130-->[com.spotify.android:auth:2.1.0] AndroidManifest.xml:48:9-63:20
131            android:name="com.spotify.sdk.android.auth.LoginActivity"
131-->[com.spotify.android:auth:2.1.0] AndroidManifest.xml:49:13-70
132            android:exported="true"
132-->[com.spotify.android:auth:2.1.0] AndroidManifest.xml:50:13-36
133            android:launchMode="singleTask"
133-->[com.spotify.android:auth:2.1.0] AndroidManifest.xml:51:13-44
134            android:theme="@android:style/Theme.Translucent.NoTitleBar" >
134-->[com.spotify.android:auth:2.1.0] AndroidManifest.xml:52:13-72
135            <intent-filter android:autoVerify="true" >
135-->src\main\AndroidManifest.xml:42:13-49:29
136                <action android:name="android.intent.action.VIEW" />
136-->src\main\AndroidManifest.xml:43:17-69
136-->src\main\AndroidManifest.xml:43:25-66
137
138                <category android:name="android.intent.category.DEFAULT" />
138-->src\main\AndroidManifest.xml:44:17-76
138-->src\main\AndroidManifest.xml:44:27-73
139                <category android:name="android.intent.category.BROWSABLE" />
139-->src\main\AndroidManifest.xml:45:17-78
139-->src\main\AndroidManifest.xml:45:27-75
140
141                <data
142                    android:host="callback"
142-->src\main\AndroidManifest.xml:48:21-55
143                    android:scheme="audire" />
143-->src\main\AndroidManifest.xml:47:21-59
144            </intent-filter>
145        </activity>
146
147        <uses-library
147-->[androidx.window:window:1.0.0] AndroidManifest.xml:25:9-27:40
148            android:name="androidx.window.extensions"
148-->[androidx.window:window:1.0.0] AndroidManifest.xml:26:13-54
149            android:required="false" />
149-->[androidx.window:window:1.0.0] AndroidManifest.xml:27:13-37
150        <uses-library
150-->[androidx.window:window:1.0.0] AndroidManifest.xml:28:9-30:40
151            android:name="androidx.window.sidecar"
151-->[androidx.window:window:1.0.0] AndroidManifest.xml:29:13-51
152            android:required="false" />
152-->[androidx.window:window:1.0.0] AndroidManifest.xml:30:13-37
153
154        <service
154-->[androidx.room:room-runtime-android:2.7.2] AndroidManifest.xml:24:9-28:63
155            android:name="androidx.room.MultiInstanceInvalidationService"
155-->[androidx.room:room-runtime-android:2.7.2] AndroidManifest.xml:25:13-74
156            android:directBootAware="true"
156-->[androidx.room:room-runtime-android:2.7.2] AndroidManifest.xml:26:13-43
157            android:exported="false" />
157-->[androidx.room:room-runtime-android:2.7.2] AndroidManifest.xml:27:13-37
158
159        <receiver
159-->[androidx.profileinstaller:profileinstaller:1.4.0] AndroidManifest.xml:34:9-52:20
160            android:name="androidx.profileinstaller.ProfileInstallReceiver"
160-->[androidx.profileinstaller:profileinstaller:1.4.0] AndroidManifest.xml:35:13-76
161            android:directBootAware="false"
161-->[androidx.profileinstaller:profileinstaller:1.4.0] AndroidManifest.xml:36:13-44
162            android:enabled="true"
162-->[androidx.profileinstaller:profileinstaller:1.4.0] AndroidManifest.xml:37:13-35
163            android:exported="true"
163-->[androidx.profileinstaller:profileinstaller:1.4.0] AndroidManifest.xml:38:13-36
164            android:permission="android.permission.DUMP" >
164-->[androidx.profileinstaller:profileinstaller:1.4.0] AndroidManifest.xml:39:13-57
165            <intent-filter>
165-->[androidx.profileinstaller:profileinstaller:1.4.0] AndroidManifest.xml:40:13-42:29
166                <action android:name="androidx.profileinstaller.action.INSTALL_PROFILE" />
166-->[androidx.profileinstaller:profileinstaller:1.4.0] AndroidManifest.xml:41:17-91
166-->[androidx.profileinstaller:profileinstaller:1.4.0] AndroidManifest.xml:41:25-88
167            </intent-filter>
168            <intent-filter>
168-->[androidx.profileinstaller:profileinstaller:1.4.0] AndroidManifest.xml:43:13-45:29
169                <action android:name="androidx.profileinstaller.action.SKIP_FILE" />
169-->[androidx.profileinstaller:profileinstaller:1.4.0] AndroidManifest.xml:44:17-85
169-->[androidx.profileinstaller:profileinstaller:1.4.0] AndroidManifest.xml:44:25-82
170            </intent-filter>
171            <intent-filter>
171-->[androidx.profileinstaller:profileinstaller:1.4.0] AndroidManifest.xml:46:13-48:29
172                <action android:name="androidx.profileinstaller.action.SAVE_PROFILE" />
172-->[androidx.profileinstaller:profileinstaller:1.4.0] AndroidManifest.xml:47:17-88
172-->[androidx.profileinstaller:profileinstaller:1.4.0] AndroidManifest.xml:47:25-85
173            </intent-filter>
174            <intent-filter>
174-->[androidx.profileinstaller:profileinstaller:1.4.0] AndroidManifest.xml:49:13-51:29
175                <action android:name="androidx.profileinstaller.action.BENCHMARK_OPERATION" />
175-->[androidx.profileinstaller:profileinstaller:1.4.0] AndroidManifest.xml:50:17-95
175-->[androidx.profileinstaller:profileinstaller:1.4.0] AndroidManifest.xml:50:25-92
176            </intent-filter>
177        </receiver>
178    </application>
179
180</manifest>